<component name="ArtifactManager">
  <artifact type="war" name="junit_log:war">
    <output-path>$PROJECT_DIR$/target</output-path>
    <root id="archive" name="junit_log.war">
      <element id="artifact" artifact-name="junit_log:war exploded" />
    </root>
  </artifact>
</component>